[*] Today's date: 2026-05-16
[*] Fetching data from Google Sheets...
Step 1: Requesting first webhook...
Captured second webhook URL: https://script.googleusercontent.com/macros/echo?user_content_key=AUkAhnSCyMUnCPjo_XpIA61uxzLII7dy8TUh4VxZjv6jzCY0sDShy6QyoippWw3teLJK9aKfwSMNSrhGPyeWFamNOorjGp6WZD3h-BIWFrOyuy-ndFABnbcm5TMIR6SAA1ZSjsvHFhSOLB7SK7l24GdCsHD9Hzq4UGJRCG95KuUit3rwnNSKRS5IEo4UzPsamkh1iqyjulDxMzCy3jChxdhX9numycTq9vqVhi6xTxCk3GinWXqiYspcjszHa2AwtIIDmtOF8JPbedd6S3pQ53L5-kVnB8nhjA&lib=MppCA5QmNx51WCWzz3JULFyzEpkhlz_NQ
Step 2: Requesting second webhook...
Successfully retrieved data!
Response content:
[{"linkedin":"https://linkedin.com/in/asayman","last_post":"","status":""},{"linkedin":"https://www.linkedin.com/in/marci-zaroff-b5990a3/","last_post":"","status":""},{"linkedin":"https://www.linkedin.com/in/markhalberstein/","last_post":"","status":""},{"linkedin":"https://www.linkedin.com/in/enterprise-innovation/","last_post":"","status":""},{"linkedin":"https://www.linkedin.com/in/tomhuntio/","last_post":"","status":""},{"linkedin":"https://www.linkedin.com/in/tasinmid/","last_post":"","status":""}]
[*] Queuing 6 updates...
[*] Processing https://linkedin.com/in/asayman...
[*] Processing https://www.linkedin.com/in/marci-zaroff-b5990a3/...
[*] Processing https://www.linkedin.com/in/markhalberstein/...
[!] Tracker returned error for https://www.linkedin.com/in/marci-zaroff-b5990a3/: BrowserType.launch_persistent_context: Failed to create a ProcessSingleton for your profile directory. This usually means that the profile is already in use by another instance of Chromium.
Call log:
  - <launching> /home/asayman/.cache/ms-playwright/chromium-1217/chrome-linux64/chrome --disable-field-trial-config --disable-background-networking --disable-background-timer-throttling --disable-backgrounding-occluded-windows --disable-breakpad --no-default-browser-check --disable-dev-shm-usage --disable-features=AvoidUnnecessaryBeforeUnloadCheckSync,BoundaryEventDispatchTracksNodeRemoval,DestroyProfileOnBrowserClose,DialMediaRouteProvider,GlobalMediaControls,HttpsUpgrades,LensOverlay,MediaRouter,PaintHolding,ThirdPartyStoragePartitioning,Translate,AutoDeElevate,RenderDocument,OptimizationHints --enable-features=CDPScreenshotNewSurface --disable-hang-monitor --disable-prompt-on-repost --disable-renderer-backgrounding --force-color-profile=srgb --no-first-run --password-store=basic --use-mock-keychain --no-service-autorun --export-tagged-pdf --disable-search-engine-choice-screen --edge-skip-compat-layer-relaunch --disable-infobars --disable-search-engine-choice-screen --disable-sync --disable-blink-features=AutomationControlled --headless --hide-scrollbars --mute-audio --blink-settings=primaryHoverType=2,availableHoverTypes=2,primaryPointerType=4,availablePointerTypes=4 --no-sandbox --disable-checker-imaging --autoplay-policy=user-gesture-required --font-render-hinting=none --disable-domain-reliability --disable-wake-on-wifi --disable-search-engine-choice-screen --metrics-recording-only --disable-features=AudioServiceOutOfProcess,TranslateUI,BlinkGenPropertyTrees --no-first-run --disable-background-networking --disable-layer-tree-host-memory-pressure --disable-component-extensions-with-background-pages --disable-new-content-rendering-timeout --accept-lang=en-US --blink-settings=primaryHoverType=2,availableHoverTypes=2,primaryPointerType=4,availablePointerTypes=4 --disable-threaded-animation --enable-surface-synchronization --disable-logging --disable-print-preview --enable-tcp-fast-open --ignore-gpu-blocklist --enable-async-dns --password-store=basic --safebrowsing-disable-auto-update --aggressive-cache-discard --enable-web-bluetooth --disable-session-crashed-bubble --disable-renderer-backgrounding --run-all-compositor-stages-before-draw --start-maximized --disable-offer-store-unmasked-wallet-cards --force-color-profile=srgb --disable-threaded-scrolling --homepage=about:blank --mute-audio --disable-cookie-encryption --no-service-autorun --disable-image-animation-resync --disable-ipc-flooding-protection --enable-features=NetworkService,NetworkServiceInProcess,TrustTokens,TrustTokensAlwaysAllowIssuance --disable-client-side-phishing-detection --window-position=0,0 --disable-gesture-typing --no-default-browser-check --lang=en-US --use-mock-keychain --disable-voice-input --prerender-from-omnibox=disabled --disable-partial-raster --disable-backgrounding-occluded-windows --disable-sync --disable-infobars --disable-prompt-on-repost --disable-hang-monitor --disable-breakpad --hide-scrollbars --disable-dev-shm-usage --disable-translate --disable-blink-features=AutomationControlled --test-type --disable-cloud-import --disable-offer-upload-credit-cards --disable-background-timer-throttling --disable-crash-reporter --enable-simple-cache-backend --no-pings --user-data-dir=/mnt/ee/aprojects/linkd/.scrapling_session --remote-debugging-pipe about:blank
  - <launched> pid=40736
  - [pid=40736][err] [40736:40736:0516/202446.067754:ERROR:chrome/browser/process_singleton_posix.cc:345] Failed to create /mnt/ee/aprojects/linkd/.scrapling_session/SingletonLock: File exists (17)
  - [pid=40736][err] [40736:40736:0516/202448.868948:ERROR:chrome/app/chrome_main_delegate.cc:515] Failed to create a ProcessSingleton for your profile directory. This means that running multiple instances would start multiple browser processes rather than opening a new window in the existing process. Aborting now to avoid profile corruption.
  - [pid=40736] <gracefully close start>
  - [pid=40736] <kill>
  - [pid=40736] <will force kill>
  - [pid=40736] <process did exit: exitCode=21, signal=null>
  - [pid=40736] starting temporary directories cleanup
  - [pid=40736] finished temporary directories cleanup
  - [pid=40736] <gracefully close end>

[*] Processing https://www.linkedin.com/in/enterprise-innovation/...
[!] Tracker returned error for https://linkedin.com/in/asayman: BrowserType.launch_persistent_context: Failed to create a ProcessSingleton for your profile directory. This usually means that the profile is already in use by another instance of Chromium.
Call log:
  - <launching> /home/asayman/.cache/ms-playwright/chromium-1217/chrome-linux64/chrome --disable-field-trial-config --disable-background-networking --disable-background-timer-throttling --disable-backgrounding-occluded-windows --disable-breakpad --no-default-browser-check --disable-dev-shm-usage --disable-features=AvoidUnnecessaryBeforeUnloadCheckSync,BoundaryEventDispatchTracksNodeRemoval,DestroyProfileOnBrowserClose,DialMediaRouteProvider,GlobalMediaControls,HttpsUpgrades,LensOverlay,MediaRouter,PaintHolding,ThirdPartyStoragePartitioning,Translate,AutoDeElevate,RenderDocument,OptimizationHints --enable-features=CDPScreenshotNewSurface --disable-hang-monitor --disable-prompt-on-repost --disable-renderer-backgrounding --force-color-profile=srgb --no-first-run --password-store=basic --use-mock-keychain --no-service-autorun --export-tagged-pdf --disable-search-engine-choice-screen --edge-skip-compat-layer-relaunch --disable-infobars --disable-search-engine-choice-screen --disable-sync --disable-blink-features=AutomationControlled --headless --hide-scrollbars --mute-audio --blink-settings=primaryHoverType=2,availableHoverTypes=2,primaryPointerType=4,availablePointerTypes=4 --no-sandbox --disable-backgrounding-occluded-windows --enable-async-dns --prerender-from-omnibox=disabled --autoplay-policy=user-gesture-required --disable-print-preview --enable-web-bluetooth --disable-wake-on-wifi --disable-threaded-animation --disable-hang-monitor --disable-client-side-phishing-detection --disable-blink-features=AutomationControlled --disable-offer-upload-credit-cards --test-type --use-mock-keychain --disable-prompt-on-repost --blink-settings=primaryHoverType=2,availableHoverTypes=2,primaryPointerType=4,availablePointerTypes=4 --disable-domain-reliability --disable-image-animation-resync --disable-threaded-scrolling --disable-translate --enable-simple-cache-backend --safebrowsing-disable-auto-update --no-service-autorun --disable-new-content-rendering-timeout --disable-background-timer-throttling --no-first-run --window-position=0,0 --disable-layer-tree-host-memory-pressure --accept-lang=en-US --disable-partial-raster --disable-renderer-backgrounding --force-color-profile=srgb --metrics-recording-only --disable-ipc-flooding-protection --homepage=about:blank --no-default-browser-check --disable-sync --disable-cloud-import --aggressive-cache-discard --disable-features=AudioServiceOutOfProcess,TranslateUI,BlinkGenPropertyTrees --mute-audio --enable-tcp-fast-open --disable-checker-imaging --disable-search-engine-choice-screen --start-maximized --disable-gesture-typing --enable-surface-synchronization --disable-component-extensions-with-background-pages --no-pings --font-render-hinting=none --disable-offer-store-unmasked-wallet-cards --disable-background-networking --enable-features=NetworkService,NetworkServiceInProcess,TrustTokens,TrustTokensAlwaysAllowIssuance --disable-dev-shm-usage --disable-infobars --run-all-compositor-stages-before-draw --disable-voice-input --lang=en-US --disable-cookie-encryption --ignore-gpu-blocklist --disable-breakpad --disable-session-crashed-bubble --hide-scrollbars --password-store=basic --disable-logging --disable-crash-reporter --user-data-dir=/mnt/ee/aprojects/linkd/.scrapling_session --remote-debugging-pipe about:blank
  - <launched> pid=40737
  - [pid=40737][err] [40737:40737:0516/202446.067752:ERROR:chrome/browser/process_singleton_posix.cc:345] Failed to create /mnt/ee/aprojects/linkd/.scrapling_session/SingletonLock: File exists (17)
  - [pid=40737][err] [40737:40737:0516/202448.868785:ERROR:chrome/app/chrome_main_delegate.cc:515] Failed to create a ProcessSingleton for your profile directory. This means that running multiple instances would start multiple browser processes rather than opening a new window in the existing process. Aborting now to avoid profile corruption.
  - [pid=40737] <gracefully close start>
  - [pid=40737] <kill>
  - [pid=40737] <will force kill>
  - [pid=40737] <process did exit: exitCode=21, signal=null>
  - [pid=40737] starting temporary directories cleanup
  - [pid=40737] finished temporary directories cleanup
  - [pid=40737] <gracefully close end>

[*] Processing https://www.linkedin.com/in/tomhuntio/...
[!] Tracker returned error for https://www.linkedin.com/in/tomhuntio/: BrowserType.launch_persistent_context: Failed to create a ProcessSingleton for your profile directory. This usually means that the profile is already in use by another instance of Chromium.
Call log:
  - <launching> /home/asayman/.cache/ms-playwright/chromium-1217/chrome-linux64/chrome --disable-field-trial-config --disable-background-networking --disable-background-timer-throttling --disable-backgrounding-occluded-windows --disable-breakpad --no-default-browser-check --disable-dev-shm-usage --disable-features=AvoidUnnecessaryBeforeUnloadCheckSync,BoundaryEventDispatchTracksNodeRemoval,DestroyProfileOnBrowserClose,DialMediaRouteProvider,GlobalMediaControls,HttpsUpgrades,LensOverlay,MediaRouter,PaintHolding,ThirdPartyStoragePartitioning,Translate,AutoDeElevate,RenderDocument,OptimizationHints --enable-features=CDPScreenshotNewSurface --disable-hang-monitor --disable-prompt-on-repost --disable-renderer-backgrounding --force-color-profile=srgb --no-first-run --password-store=basic --use-mock-keychain --no-service-autorun --export-tagged-pdf --disable-search-engine-choice-screen --edge-skip-compat-layer-relaunch --disable-infobars --disable-search-engine-choice-screen --disable-sync --disable-blink-features=AutomationControlled --headless --hide-scrollbars --mute-audio --blink-settings=primaryHoverType=2,availableHoverTypes=2,primaryPointerType=4,availablePointerTypes=4 --no-sandbox --disable-crash-reporter --disable-offer-store-unmasked-wallet-cards --disable-translate --disable-cookie-encryption --disable-component-extensions-with-background-pages --disable-gesture-typing --no-pings --font-render-hinting=none --hide-scrollbars --homepage=about:blank --password-store=basic --prerender-from-omnibox=disabled --disable-ipc-flooding-protection --metrics-recording-only --disable-dev-shm-usage --disable-new-content-rendering-timeout --disable-breakpad --disable-sync --window-position=0,0 --disable-wake-on-wifi --ignore-gpu-blocklist --disable-image-animation-resync --safebrowsing-disable-auto-update --disable-offer-upload-credit-cards --disable-search-engine-choice-screen --aggressive-cache-discard --disable-backgrounding-occluded-windows --test-type --disable-features=AudioServiceOutOfProcess,TranslateUI,BlinkGenPropertyTrees --use-mock-keychain --disable-threaded-animation --disable-infobars --disable-prompt-on-repost --disable-hang-monitor --disable-checker-imaging --enable-tcp-fast-open --disable-logging --enable-simple-cache-backend --run-all-compositor-stages-before-draw --disable-domain-reliability --disable-blink-features=AutomationControlled --disable-client-side-phishing-detection --accept-lang=en-US --force-color-profile=srgb --no-first-run --enable-features=NetworkService,NetworkServiceInProcess,TrustTokens,TrustTokensAlwaysAllowIssuance --disable-background-timer-throttling --autoplay-policy=user-gesture-required --disable-print-preview --disable-background-networking --lang=en-US --start-maximized --disable-cloud-import --enable-surface-synchronization --mute-audio --no-default-browser-check --disable-renderer-backgrounding --no-service-autorun --disable-session-crashed-bubble --blink-settings=primaryHoverType=2,availableHoverTypes=2,primaryPointerType=4,availablePointerTypes=4 --enable-web-bluetooth --disable-partial-raster --disable-layer-tree-host-memory-pressure --disable-threaded-scrolling --enable-async-dns --disable-voice-input --user-data-dir=/mnt/ee/aprojects/linkd/.scrapling_session --remote-debugging-pipe about:blank
  - <launched> pid=40954
  - [pid=40954][err] [40954:40954:0516/202510.087484:ERROR:chrome/browser/process_singleton_posix.cc:345] Failed to create /mnt/ee/aprojects/linkd/.scrapling_session/SingletonLock: File exists (17)
  - [pid=40954][err] [40954:40954:0516/202510.088275:ERROR:chrome/app/chrome_main_delegate.cc:515] Failed to create a ProcessSingleton for your profile directory. This means that running multiple instances would start multiple browser processes rather than opening a new window in the existing process. Aborting now to avoid profile corruption.
  - [pid=40954] <gracefully close start>
  - [pid=40954] <kill>
  - [pid=40954] <will force kill>
  - [pid=40954] <process did exit: exitCode=21, signal=null>
  - [pid=40954] starting temporary directories cleanup
  - [pid=40954] finished temporary directories cleanup
  - [pid=40954] <gracefully close end>

[*] Processing https://www.linkedin.com/in/tasinmid/...
[!] Tracker returned error for https://www.linkedin.com/in/enterprise-innovation/: BrowserType.launch_persistent_context: Failed to create a ProcessSingleton for your profile directory. This usually means that the profile is already in use by another instance of Chromium.
Call log:
  - <launching> /home/asayman/.cache/ms-playwright/chromium-1217/chrome-linux64/chrome --disable-field-trial-config --disable-background-networking --disable-background-timer-throttling --disable-backgrounding-occluded-windows --disable-breakpad --no-default-browser-check --disable-dev-shm-usage --disable-features=AvoidUnnecessaryBeforeUnloadCheckSync,BoundaryEventDispatchTracksNodeRemoval,DestroyProfileOnBrowserClose,DialMediaRouteProvider,GlobalMediaControls,HttpsUpgrades,LensOverlay,MediaRouter,PaintHolding,ThirdPartyStoragePartitioning,Translate,AutoDeElevate,RenderDocument,OptimizationHints --enable-features=CDPScreenshotNewSurface --disable-hang-monitor --disable-prompt-on-repost --disable-renderer-backgrounding --force-color-profile=srgb --no-first-run --password-store=basic --use-mock-keychain --no-service-autorun --export-tagged-pdf --disable-search-engine-choice-screen --edge-skip-compat-layer-relaunch --disable-infobars --disable-search-engine-choice-screen --disable-sync --disable-blink-features=AutomationControlled --headless --hide-scrollbars --mute-audio --blink-settings=primaryHoverType=2,availableHoverTypes=2,primaryPointerType=4,availablePointerTypes=4 --no-sandbox --disable-wake-on-wifi --enable-simple-cache-backend --disable-client-side-phishing-detection --disable-blink-features=AutomationControlled --disable-image-animation-resync --no-service-autorun --force-color-profile=srgb --disable-partial-raster --mute-audio --prerender-from-omnibox=disabled --enable-surface-synchronization --safebrowsing-disable-auto-update --enable-features=NetworkService,NetworkServiceInProcess,TrustTokens,TrustTokensAlwaysAllowIssuance --enable-async-dns --test-type --disable-checker-imaging --run-all-compositor-stages-before-draw --disable-background-networking --use-mock-keychain --disable-offer-store-unmasked-wallet-cards --disable-backgrounding-occluded-windows --disable-component-extensions-with-background-pages --disable-logging --disable-hang-monitor --disable-new-content-rendering-timeout --disable-infobars --disable-breakpad --disable-voice-input --no-default-browser-check --disable-gesture-typing --disable-domain-reliability --no-first-run --enable-tcp-fast-open --aggressive-cache-discard --disable-renderer-backgrounding --blink-settings=primaryHoverType=2,availableHoverTypes=2,primaryPointerType=4,availablePointerTypes=4 --no-pings --start-maximized --password-store=basic --accept-lang=en-US --disable-crash-reporter --disable-session-crashed-bubble --window-position=0,0 --disable-dev-shm-usage --disable-features=AudioServiceOutOfProcess,TranslateUI,BlinkGenPropertyTrees --font-render-hinting=none --disable-ipc-flooding-protection --disable-cookie-encryption --disable-background-timer-throttling --homepage=about:blank --enable-web-bluetooth --disable-prompt-on-repost --disable-search-engine-choice-screen --disable-offer-upload-credit-cards --lang=en-US --autoplay-policy=user-gesture-required --metrics-recording-only --hide-scrollbars --disable-print-preview --ignore-gpu-blocklist --disable-sync --disable-threaded-scrolling --disable-threaded-animation --disable-translate --disable-cloud-import --disable-layer-tree-host-memory-pressure --user-data-dir=/mnt/ee/aprojects/linkd/.scrapling_session --remote-debugging-pipe about:blank
  - <launched> pid=40955
  - [pid=40955][err] [40955:40955:0516/202510.231792:ERROR:chrome/browser/process_singleton_posix.cc:345] Failed to create /mnt/ee/aprojects/linkd/.scrapling_session/SingletonLock: File exists (17)
  - [pid=40955][err] [40955:40955:0516/202510.233547:ERROR:chrome/app/chrome_main_delegate.cc:515] Failed to create a ProcessSingleton for your profile directory. This means that running multiple instances would start multiple browser processes rather than opening a new window in the existing process. Aborting now to avoid profile corruption.
  - [pid=40955] <gracefully close start>
  - [pid=40955] <kill>
  - [pid=40955] <will force kill>
  - [pid=40955] <process did exit: exitCode=21, signal=null>
  - [pid=40955] starting temporary directories cleanup
  - [pid=40955] finished temporary directories cleanup
  - [pid=40955] <gracefully close end>

[!] Tracker returned error for https://www.linkedin.com/in/tasinmid/: BrowserType.launch_persistent_context: Failed to create a ProcessSingleton for your profile directory. This usually means that the profile is already in use by another instance of Chromium.
Call log:
  - <launching> /home/asayman/.cache/ms-playwright/chromium-1217/chrome-linux64/chrome --disable-field-trial-config --disable-background-networking --disable-background-timer-throttling --disable-backgrounding-occluded-windows --disable-breakpad --no-default-browser-check --disable-dev-shm-usage --disable-features=AvoidUnnecessaryBeforeUnloadCheckSync,BoundaryEventDispatchTracksNodeRemoval,DestroyProfileOnBrowserClose,DialMediaRouteProvider,GlobalMediaControls,HttpsUpgrades,LensOverlay,MediaRouter,PaintHolding,ThirdPartyStoragePartitioning,Translate,AutoDeElevate,RenderDocument,OptimizationHints --enable-features=CDPScreenshotNewSurface --disable-hang-monitor --disable-prompt-on-repost --disable-renderer-backgrounding --force-color-profile=srgb --no-first-run --password-store=basic --use-mock-keychain --no-service-autorun --export-tagged-pdf --disable-search-engine-choice-screen --edge-skip-compat-layer-relaunch --disable-infobars --disable-search-engine-choice-screen --disable-sync --disable-blink-features=AutomationControlled --headless --hide-scrollbars --mute-audio --blink-settings=primaryHoverType=2,availableHoverTypes=2,primaryPointerType=4,availablePointerTypes=4 --no-sandbox --hide-scrollbars --disable-wake-on-wifi --disable-ipc-flooding-protection --prerender-from-omnibox=disabled --disable-threaded-animation --disable-backgrounding-occluded-windows --disable-search-engine-choice-screen --disable-translate --disable-prompt-on-repost --no-service-autorun --disable-cloud-import --disable-background-timer-throttling --disable-checker-imaging --disable-breakpad --disable-component-extensions-with-background-pages --disable-image-animation-resync --no-default-browser-check --enable-features=NetworkService,NetworkServiceInProcess,TrustTokens,TrustTokensAlwaysAllowIssuance --blink-settings=primaryHoverType=2,availableHoverTypes=2,primaryPointerType=4,availablePointerTypes=4 --disable-dev-shm-usage --disable-layer-tree-host-memory-pressure --disable-renderer-backgrounding --enable-surface-synchronization --disable-blink-features=AutomationControlled --force-color-profile=srgb --password-store=basic --disable-offer-upload-credit-cards --enable-simple-cache-backend --accept-lang=en-US --disable-client-side-phishing-detection --disable-background-networking --start-maximized --safebrowsing-disable-auto-update --ignore-gpu-blocklist --disable-crash-reporter --autoplay-policy=user-gesture-required --lang=en-US --window-position=0,0 --aggressive-cache-discard --disable-print-preview --disable-cookie-encryption --disable-threaded-scrolling --disable-hang-monitor --enable-async-dns --use-mock-keychain --disable-offer-store-unmasked-wallet-cards --no-pings --metrics-recording-only --disable-partial-raster --disable-gesture-typing --enable-web-bluetooth --font-render-hinting=none --run-all-compositor-stages-before-draw --no-first-run --enable-tcp-fast-open --disable-sync --disable-logging --disable-voice-input --disable-new-content-rendering-timeout --disable-session-crashed-bubble --disable-features=AudioServiceOutOfProcess,TranslateUI,BlinkGenPropertyTrees --test-type --homepage=about:blank --disable-infobars --disable-domain-reliability --mute-audio --user-data-dir=/mnt/ee/aprojects/linkd/.scrapling_session --remote-debugging-pipe about:blank
  - <launched> pid=41003
  - [pid=41003][err] [41003:41003:0516/202513.805469:ERROR:chrome/browser/process_singleton_posix.cc:345] Failed to create /mnt/ee/aprojects/linkd/.scrapling_session/SingletonLock: File exists (17)
  - [pid=41003][err] [41003:41003:0516/202513.806048:ERROR:chrome/app/chrome_main_delegate.cc:515] Failed to create a ProcessSingleton for your profile directory. This means that running multiple instances would start multiple browser processes rather than opening a new window in the existing process. Aborting now to avoid profile corruption.
  - [pid=41003] <gracefully close start>
  - [pid=41003] <kill>
  - [pid=41003] <will force kill>
  - [pid=41003] <process did exit: exitCode=21, signal=null>
  - [pid=41003] starting temporary directories cleanup
  - [pid=41003] finished temporary directories cleanup
  - [pid=41003] <gracefully close end>

[+] Found last post timestamp for https://www.linkedin.com/in/markhalberstein/: 2026-01-09T23:00:31.436000+00:00
[*] Updating GS for https://www.linkedin.com/in/markhalberstein/...
Sending POST request...
Query Params: {'linkedin': 'https://www.linkedin.com/in/markhalberstein/'}
Body Data: {
  "last_post": "2026-01-09T23:00:31.436000+00:00",
  "status": "2026-05-16"
}
Response received:
{
  "success": true,
  "updatedRow": 4
}
[*] All tasks completed.
